-------------------------------------------------------------------------------
Test set: com.mxt.springsecurityOauth2JWTdemo.springsecurityOauth2JWTdemoApplicationTests
-------------------------------------------------------------------------------
Tests run: 1, Failures: 0, Errors: 1, Skipped: 0, Time elapsed: 7.258 s <<< FAILURE! - in com.mxt.springsecurityOauth2JWTdemo.springsecurityOauth2JWTdemoApplicationTests
contextLoads  Time elapsed: 0.001 s  <<< ERROR!
java.lang.IllegalStateException: Failed to load ApplicationContext
Caused by: org.springframework.beans.factory.UnsatisfiedDependencyException: Error creating bean with name 'authorizationServerConfig': Unsatisfied dependency expressed through field 'tokenStore'; nested exception is org.springframework.beans.factory.BeanCreationException: Error creating bean with name 'jwtTokenStore' defined in class path resource [com/mxt/springsecurityOauth2JWTdemo/config/JwtTokenStoreConfig.class]: Bean instantiation via factory method failed; nested exception is org.springframework.beans.BeanInstantiationException: Failed to instantiate [org.springframework.security.oauth2.provider.token.TokenStore]: Factory method 'jwtTokenStore' threw exception; nested exception is java.lang.ClassCastException: org.springframework.security.oauth2.provider.token.store.JwtAccessTokenConverter cannot be cast to java.util.List
Caused by: org.springframework.beans.factory.BeanCreationException: Error creating bean with name 'jwtTokenStore' defined in class path resource [com/mxt/springsecurityOauth2JWTdemo/config/JwtTokenStoreConfig.class]: Bean instantiation via factory method failed; nested exception is org.springframework.beans.BeanInstantiationException: Failed to instantiate [org.springframework.security.oauth2.provider.token.TokenStore]: Factory method 'jwtTokenStore' threw exception; nested exception is java.lang.ClassCastException: org.springframework.security.oauth2.provider.token.store.JwtAccessTokenConverter cannot be cast to java.util.List
Caused by: org.springframework.beans.BeanInstantiationException: Failed to instantiate [org.springframework.security.oauth2.provider.token.TokenStore]: Factory method 'jwtTokenStore' threw exception; nested exception is java.lang.ClassCastException: org.springframework.security.oauth2.provider.token.store.JwtAccessTokenConverter cannot be cast to java.util.List
Caused by: java.lang.ClassCastException: org.springframework.security.oauth2.provider.token.store.JwtAccessTokenConverter cannot be cast to java.util.List

